<?xml version="1.0" encoding="UTF-8"?>
<!-- Generated by org.testng.reporters.JUnitXMLReporter -->
<testsuite hostname="Oksanas-MBP.fios-router.home" ignored="0" name="Default test" tests="4" failures="0" timestamp="2020-05-30T14:05:10 EDT" time="34.283" errors="0">
  <testcase name="emptyUserName" time="0.379" classname="com.hrms.testcases.LoginTest"/>
  <testcase name="invalid" time="1.329" classname="com.hrms.testcases.LoginTest"/>
  <testcase name="invalidPasswordLogin" time="2.672" classname="com.hrms.testcases.LoginTest"/>
  <testcase name="login" time="7.338" classname="com.hrms.testcases.LoginTest"/>
</testsuite> <!-- Default test -->
