<?xml version="1.0" encoding="UTF-8"?>
<testng-results skipped="0" failed="0" ignored="0" total="4" passed="4">
  <reporter-output>
  </reporter-output>
  <suite name="Default suite" duration-ms="34283" started-at="2020-05-30T14:04:36 EDT" finished-at="2020-05-30T14:05:10 EDT">
    <groups>
    </groups>
    <test name="Default test" duration-ms="34283" started-at="2020-05-30T14:04:36 EDT" finished-at="2020-05-30T14:05:10 EDT">
      <class name="com.hrms.testcases.LoginTest">
        <test-method status="PASS" signature="setUp()[pri:0, instance:com.hrms.testcases.LoginTest@4d95d2a2]" name="setUp" is-config="true" duration-ms="13815" started-at="2020-05-30T14:04:36 EDT" finished-at="2020-05-30T14:04:50 EDT">
          <reporter-output>
          </reporter-output>
        </test-method> <!-- setUp -->
        <test-method status="PASS" signature="emptyUserName()[pri:0, instance:com.hrms.testcases.LoginTest@4d95d2a2]" name="emptyUserName" duration-ms="379" started-at="2020-05-30T14:04:50 EDT" finished-at="2020-05-30T14:04:50 EDT">
          <reporter-output>
          </reporter-output>
        </test-method> <!-- emptyUserName -->
        <test-method status="PASS" signature="tearDown()[pri:0, instance:com.hrms.testcases.LoginTest@4d95d2a2]" name="tearDown" is-config="true" duration-ms="82" started-at="2020-05-30T14:04:50 EDT" finished-at="2020-05-30T14:04:50 EDT">
          <reporter-output>
          </reporter-output>
        </test-method> <!-- tearDown -->
        <test-method status="PASS" signature="setUp()[pri:0, instance:com.hrms.testcases.LoginTest@4d95d2a2]" name="setUp" is-config="true" duration-ms="3715" started-at="2020-05-30T14:04:50 EDT" finished-at="2020-05-30T14:04:54 EDT">
          <reporter-output>
          </reporter-output>
        </test-method> <!-- setUp -->
        <test-method status="PASS" signature="invalid()[pri:0, instance:com.hrms.testcases.LoginTest@4d95d2a2]" name="invalid" duration-ms="1329" started-at="2020-05-30T14:04:54 EDT" finished-at="2020-05-30T14:04:55 EDT">
          <reporter-output>
          </reporter-output>
        </test-method> <!-- invalid -->
        <test-method status="PASS" signature="tearDown()[pri:0, instance:com.hrms.testcases.LoginTest@4d95d2a2]" name="tearDown" is-config="true" duration-ms="87" started-at="2020-05-30T14:04:55 EDT" finished-at="2020-05-30T14:04:55 EDT">
          <reporter-output>
          </reporter-output>
        </test-method> <!-- tearDown -->
        <test-method status="PASS" signature="setUp()[pri:0, instance:com.hrms.testcases.LoginTest@4d95d2a2]" name="setUp" is-config="true" duration-ms="1913" started-at="2020-05-30T14:04:55 EDT" finished-at="2020-05-30T14:04:57 EDT">
          <reporter-output>
          </reporter-output>
        </test-method> <!-- setUp -->
        <test-method status="PASS" signature="invalidPasswordLogin()[pri:0, instance:com.hrms.testcases.LoginTest@4d95d2a2]" name="invalidPasswordLogin" duration-ms="2672" started-at="2020-05-30T14:04:57 EDT" finished-at="2020-05-30T14:05:00 EDT">
          <reporter-output>
          </reporter-output>
        </test-method> <!-- invalidPasswordLogin -->
        <test-method status="PASS" signature="tearDown()[pri:0, instance:com.hrms.testcases.LoginTest@4d95d2a2]" name="tearDown" is-config="true" duration-ms="79" started-at="2020-05-30T14:05:00 EDT" finished-at="2020-05-30T14:05:00 EDT">
          <reporter-output>
          </reporter-output>
        </test-method> <!-- tearDown -->
        <test-method status="PASS" signature="setUp()[pri:0, instance:com.hrms.testcases.LoginTest@4d95d2a2]" name="setUp" is-config="true" duration-ms="2761" started-at="2020-05-30T14:05:00 EDT" finished-at="2020-05-30T14:05:03 EDT">
          <reporter-output>
          </reporter-output>
        </test-method> <!-- setUp -->
        <test-method status="PASS" signature="login()[pri:0, instance:com.hrms.testcases.LoginTest@4d95d2a2]" name="login" duration-ms="7338" started-at="2020-05-30T14:05:03 EDT" finished-at="2020-05-30T14:05:10 EDT">
          <reporter-output>
          </reporter-output>
        </test-method> <!-- login -->
        <test-method status="PASS" signature="tearDown()[pri:0, instance:com.hrms.testcases.LoginTest@4d95d2a2]" name="tearDown" is-config="true" duration-ms="82" started-at="2020-05-30T14:05:10 EDT" finished-at="2020-05-30T14:05:10 EDT">
          <reporter-output>
          </reporter-output>
        </test-method> <!-- tearDown -->
      </class> <!-- com.hrms.testcases.LoginTest -->
    </test> <!-- Default test -->
  </suite> <!-- Default suite -->
</testng-results>
